<?xml version="1.0" encoding="UTF-8"?>
<testng-results ignored="0" total="1" passed="1" failed="0" skipped="0">
  <reporter-output>
  </reporter-output>
  <suite started-at="2025-05-19T22:32:34 IST" name="Default suite" finished-at="2025-05-19T22:32:38 IST" duration-ms="3283">
    <groups>
    </groups>
    <test started-at="2025-05-19T22:32:34 IST" name="Default test" finished-at="2025-05-19T22:32:38 IST" duration-ms="3283">
      <class name="Santhiya.ExtentReports.ExtentReportDemo">
        <test-method is-config="true" signature="config()[pri:0, instance:Santhiya.ExtentReports.ExtentReportDemo@327514f]" started-at="2025-05-19T22:32:34 IST" name="config" finished-at="2025-05-19T22:32:35 IST" duration-ms="223" status="PASS">
          <reporter-output>
          </reporter-output>
        </test-method> <!-- config -->
        <test-method signature="initialDemo()[pri:0, instance:Santhiya.ExtentReports.ExtentReportDemo@327514f]" started-at="2025-05-19T22:32:35 IST" name="initialDemo" finished-at="2025-05-19T22:32:38 IST" duration-ms="3026" status="PASS">
          <reporter-output>
          </reporter-output>
        </test-method> <!-- initialDemo -->
      </class> <!-- Santhiya.ExtentReports.ExtentReportDemo -->
    </test> <!-- Default test -->
  </suite> <!-- Default suite -->
</testng-results>
